rdi=0x7fdb0e8c0190,rsi=0x2,rsp=0x7ffd67fd4990,rdx=0x7fdb0e8a6530,rcx=0x7ffd67fd49b0,rax=0x1c,r8=0x7fdb0e8c0728,r12=0x5630fa859060,r13=0x7ffd67fd4990,rip=0x5630fa859060,mr=0x7ffd67fd4988:ca80890edb7f0000,mw=0x7fdb0e8c04ac:1c
rip=0x5630fa859062
r9=0x7fdb0e8a6530,rip=0x5630fa859065
rsp=0x7ffd67fd4998,rip=0x5630fa859066,mr=0x7ffd67fd4990:0200000000000000
rdx=0x7ffd67fd4998,rip=0x5630fa859069
rsp=0x7ffd67fd4990,rip=0x5630fa85906d
rsp=0x7ffd67fd4988,rip=0x5630fa85906e,mw=0x7ffd67fd4988:1c00000000000000
rsp=0x7ffd67fd4980,rip=0x5630fa85906f,mw=0x7ffd67fd4980:8849fd67fd7f0000
r8=0x5630fa859240,rip=0x5630fa859076
rcx=0x5630fa8591e0,rip=0x5630fa85907d
rdi=0x5630fa859189,rip=0x5630fa859084
rdi=0x2,rsi=0x7ffd67fd4998,rbp=0x5630fa8591e0,rsp=0x7ffd67fd48b8,rdx=0x7ffd67fd49b0,rcx=0x7fdaf9e0a718,rax=0x7fdaf9e0d080,r8=0x7fdaf9e0bd80,r9=0x7fdaf9e0bd80,rip=0x5630fa8591e0,mr=0x7fdaf9e0d080:b049fd67fd7f0000,mw=0x7ffd67fd48b8:2a30c7f9da7f0000
rsp=0x7ffd67fd48b0,rip=0x5630fa8591e2,mw=0x7ffd67fd48b0:0000000000000000
r15=0x7ffd67fd49b0,rip=0x5630fa8591e5
rsp=0x7ffd67fd48a8,rip=0x5630fa8591e7,mw=0x7ffd67fd48a8:0000000000000000
r14=0x7ffd67fd4998,rip=0x5630fa8591ea
rsp=0x7ffd67fd48a0,rip=0x5630fa8591ec,mw=0x7ffd67fd48a0:9049fd67fd7f0000
r13=0x2,rip=0x5630fa8591ef
rsp=0x7ffd67fd4898,rip=0x5630fa8591f1,mw=0x7ffd67fd4898:609085fa30560000
r12=0x5630fa85bde8,rip=0x5630fa8591f8
rsp=0x7ffd67fd4890,rip=0x5630fa8591f9,mw=0x7ffd67fd4890:e09185fa30560000
rbp=0x5630fa85bdf0,rip=0x5630fa859200
rsp=0x7ffd67fd4888,rip=0x5630fa859201,mw=0x7ffd67fd4888:0000000000000000
rbp=0x8,rip=0x5630fa859204
rsp=0x7ffd67fd4880,rip=0x5630fa859208
rsp=0x7ffd67fd4878,rip=0x5630fa859000,mw=0x7ffd67fd4878:0d9285fa30560000
rsp=0x7ffd67fd4870,rip=0x5630fa859004
rax=0x0,rip=0x5630fa85900b,mr=0x5630fa85bfe8:0000000000000000
rip=0x5630fa85900e
rip=0x5630fa859012
rsp=0x7ffd67fd4878,rip=0x5630fa859016
rsp=0x7ffd67fd4880,rip=0x5630fa85920d,mr=0x7ffd67fd4878:0d9285fa30560000
rbp=0x1,rip=0x5630fa859211
rip=0x5630fa859213
rip=0x5630fa859215
rip=0x5630fa859218
rip=0x5630fa85921b
rip=0x5630fa85921e
rip=0x5630fa859221
rsp=0x7ffd67fd4878,rip=0x5630fa859140,mr=0x5630fa85bde8:409185fa30560000,mw=0x7ffd67fd4878:259285fa30560000
rip=0x5630fa8590c0
rdi=0x5630fa85c038,rip=0x5630fa8590c7
rsi=0x5630fa85c038,rip=0x5630fa8590ce
rsi=0x0,rip=0x5630fa8590d1
rip=0x5630fa8590d5
rip=0x5630fa8590d8
rip=0x5630fa8590dc
rip=0x5630fa8590df
rip=0x5630fa8590e2
rip=0x5630fa8590f8
rsp=0x7ffd67fd4880,rip=0x5630fa859225,mr=0x7ffd67fd4878:259285fa30560000
rbx=0x1,rip=0x5630fa859229
rip=0x5630fa85922c
rip=0x5630fa85922e
rsp=0x7ffd67fd4888,rip=0x5630fa859232
rsp=0x7ffd67fd4890,rbx=0x0,rip=0x5630fa859233,mr=0x7ffd67fd4888:0000000000000000
rbp=0x5630fa8591e0,rsp=0x7ffd67fd4898,rip=0x5630fa859234,mr=0x7ffd67fd4890:e09185fa30560000
rsp=0x7ffd67fd48a0,r12=0x5630fa859060,rip=0x5630fa859236,mr=0x7ffd67fd4898:609085fa30560000
rsp=0x7ffd67fd48a8,r13=0x7ffd67fd4990,rip=0x5630fa859238,mr=0x7ffd67fd48a0:9049fd67fd7f0000
rsp=0x7ffd67fd48b0,r14=0x0,rip=0x5630fa85923a,mr=0x7ffd67fd48a8:0000000000000000
rsp=0x7ffd67fd48b8,r15=0x0,rip=0x5630fa85923c,mr=0x7ffd67fd48b0:0000000000000000
rdi=0x2,rsi=0x7ffd67fd4998,rax=0x5630fa859189,rip=0x5630fa859189,mr=0x7ffd67fd48d8:899185fa30560000,mw=0x7ffd67fd48b8:9b30c7f9da7f0000
rsp=0x7ffd67fd48b0,rip=0x5630fa85918a,mw=0x7ffd67fd48b0:e09185fa30560000
rbp=0x7ffd67fd48b0,rip=0x5630fa85918d
rsp=0x7ffd67fd4890,rip=0x5630fa859191
rip=0x5630fa859194,mw=0x7ffd67fd489c:02000000
rip=0x5630fa859198,mw=0x7ffd67fd4890:9849fd67fd7f0000
rax=0x7ffd67fd4998,rip=0x5630fa85919c,mr=0x7ffd67fd4890:9849fd67fd7f0000
rax=0x7ffd67fd49a0,rip=0x5630fa8591a0
rax=0x7ffd67fd50f6,rip=0x5630fa8591a3,mr=0x7ffd67fd49a0:f650fd67fd7f0000
rdi=0x7ffd67fd50f6,rip=0x5630fa8591a6
rsp=0x7ffd67fd4888,rip=0x5630fa859040,mw=0x7ffd67fd4888:ab9185fa30560000
rip=0x5630fa859046,mr=0x5630fa85c020:469085fa30560000
rsp=0x7ffd67fd4880,rip=0x5630fa85904b,mw=0x7ffd67fd4880:0100000000000000
rip=0x5630fa859020
rsp=0x7ffd67fd4878,rip=0x5630fa859026,mr=0x5630fa85c008:90018c0edb7f0000,mw=0x7ffd67fd4878:90018c0edb7f0000
rdi=0x0,rsi=0x7ffd67fd50f6,rsp=0x7ffd67fd4890,rdx=0x0,rcx=0x1999999999999999,rax=0x5,r8=0x7ffd67fd50f7,r9=0x0,r10=0x7fdaf9dbaae0,r11=0x7fdaf9dbb3e0,rip=0x5630fa8591ab,mr=0x7ffd67fd4888:ab9185fa30560000,mw=0x7ffd67fd4838:ffffffffffffffff
rip=0x5630fa8591ae,mw=0x7ffd67fd48ac:05000000
rip=0x5630fa8591b1,mr=0x7ffd67fd48ac:05000000
rdi=0x5,rip=0x5630fa8591b3
rsp=0x7ffd67fd4888,rip=0x5630fa859145,mw=0x7ffd67fd4888:b89185fa30560000
rsp=0x7ffd67fd4880,rip=0x5630fa859146,mw=0x7ffd67fd4880:b048fd67fd7f0000
rbp=0x7ffd67fd4880,rip=0x5630fa859149
rsp=0x7ffd67fd4878,rip=0x5630fa85914a,mw=0x7ffd67fd4878:0000000000000000
rsp=0x7ffd67fd4860,rip=0x5630fa85914e
rip=0x5630fa859151,mw=0x7ffd67fd486c:05000000
rip=0x5630fa859155,mr=0x7ffd67fd486c:05000000
rip=0x5630fa859157
rip=0x5630fa85915b,mr=0x7ffd67fd486c:05000000
rip=0x5630fa859164
rip=0x5630fa859167,mr=0x7ffd67fd486c:05000000
rax=0x4,rip=0x5630fa85916a
rdi=0x4,rip=0x5630fa85916c
rsp=0x7ffd67fd4858,rip=0x5630fa859145,mw=0x7ffd67fd4858:719185fa30560000
rsp=0x7ffd67fd4850,rip=0x5630fa859146,mw=0x7ffd67fd4850:8048fd67fd7f0000
rbp=0x7ffd67fd4850,rip=0x5630fa859149
rsp=0x7ffd67fd4848,rip=0x5630fa85914a,mw=0x7ffd67fd4848:0000000000000000
rsp=0x7ffd67fd4830,rip=0x5630fa85914e
rip=0x5630fa859151,mw=0x7ffd67fd483c:04000000
rip=0x5630fa859155,mr=0x7ffd67fd483c:04000000
rip=0x5630fa859157
rip=0x5630fa85915b,mr=0x7ffd67fd483c:04000000
rip=0x5630fa859164
rip=0x5630fa859167,mr=0x7ffd67fd483c:04000000
rax=0x3,rip=0x5630fa85916a
rdi=0x3,rip=0x5630fa85916c
rsp=0x7ffd67fd4828,rip=0x5630fa859145,mw=0x7ffd67fd4828:719185fa30560000
rsp=0x7ffd67fd4820,rip=0x5630fa859146,mw=0x7ffd67fd4820:5048fd67fd7f0000
rbp=0x7ffd67fd4820,rip=0x5630fa859149
rsp=0x7ffd67fd4818,rip=0x5630fa85914a,mw=0x7ffd67fd4818:0000000000000000
rsp=0x7ffd67fd4800,rip=0x5630fa85914e
rip=0x5630fa859151,mw=0x7ffd67fd480c:03000000
rip=0x5630fa859155,mr=0x7ffd67fd480c:03000000
rip=0x5630fa859157
rip=0x5630fa85915b,mr=0x7ffd67fd480c:03000000
rip=0x5630fa859164
rip=0x5630fa859167,mr=0x7ffd67fd480c:03000000
rax=0x2,rip=0x5630fa85916a
rdi=0x2,rip=0x5630fa85916c
rsp=0x7ffd67fd47f8,rip=0x5630fa859145,mw=0x7ffd67fd47f8:719185fa30560000
rsp=0x7ffd67fd47f0,rip=0x5630fa859146,mw=0x7ffd67fd47f0:2048fd67fd7f0000
rbp=0x7ffd67fd47f0,rip=0x5630fa859149
rsp=0x7ffd67fd47e8,rip=0x5630fa85914a,mw=0x7ffd67fd47e8:0000000000000000
rsp=0x7ffd67fd47d0,rip=0x5630fa85914e
rip=0x5630fa859151,mw=0x7ffd67fd47dc:02000000
rip=0x5630fa859155,mr=0x7ffd67fd47dc:02000000
rip=0x5630fa859157
rip=0x5630fa85915b,mr=0x7ffd67fd47dc:02000000
rip=0x5630fa859164
rip=0x5630fa859167,mr=0x7ffd67fd47dc:02000000
rax=0x1,rip=0x5630fa85916a
rdi=0x1,rip=0x5630fa85916c
rsp=0x7ffd67fd47c8,rip=0x5630fa859145,mw=0x7ffd67fd47c8:719185fa30560000
rsp=0x7ffd67fd47c0,rip=0x5630fa859146,mw=0x7ffd67fd47c0:f047fd67fd7f0000
rbp=0x7ffd67fd47c0,rip=0x5630fa859149
rsp=0x7ffd67fd47b8,rip=0x5630fa85914a,mw=0x7ffd67fd47b8:0000000000000000
rsp=0x7ffd67fd47a0,rip=0x5630fa85914e
rip=0x5630fa859151,mw=0x7ffd67fd47ac:01000000
rip=0x5630fa859155,mr=0x7ffd67fd47ac:01000000
rip=0x5630fa859157
rip=0x5630fa85915b,mr=0x7ffd67fd47ac:01000000
rip=0x5630fa85915d
rip=0x5630fa859162
rip=0x5630fa859182
rsp=0x7ffd67fd47b8,rip=0x5630fa859186
rsp=0x7ffd67fd47c0,rip=0x5630fa859187,mr=0x7ffd67fd47b8:0000000000000000
rbp=0x7ffd67fd47f0,rsp=0x7ffd67fd47c8,rip=0x5630fa859188,mr=0x7ffd67fd47c0:f047fd67fd7f0000
rsp=0x7ffd67fd47d0,rip=0x5630fa859171,mr=0x7ffd67fd47c8:719185fa30560000
rbx=0x1,rip=0x5630fa859173
rax=0x2,rip=0x5630fa859176,mr=0x7ffd67fd47dc:02000000
rax=0x0,rip=0x5630fa859179
rdi=0x0,rip=0x5630fa85917b
rsp=0x7ffd67fd47c8,rip=0x5630fa859145,mw=0x7ffd67fd47c8:809185fa30560000
rsp=0x7ffd67fd47c0,rip=0x5630fa859146,mw=0x7ffd67fd47c0:f047fd67fd7f0000
rbp=0x7ffd67fd47c0,rip=0x5630fa859149
rsp=0x7ffd67fd47b8,rip=0x5630fa85914a,mw=0x7ffd67fd47b8:0100000000000000
rsp=0x7ffd67fd47a0,rip=0x5630fa85914e
rip=0x5630fa859151,mw=0x7ffd67fd47ac:00000000
rip=0x5630fa859155,mr=0x7ffd67fd47ac:00000000
rip=0x5630fa85915d
rax=0x1,rip=0x5630fa859162
rip=0x5630fa859182
rsp=0x7ffd67fd47b8,rip=0x5630fa859186
rsp=0x7ffd67fd47c0,rip=0x5630fa859187,mr=0x7ffd67fd47b8:0100000000000000
rbp=0x7ffd67fd47f0,rsp=0x7ffd67fd47c8,rip=0x5630fa859188,mr=0x7ffd67fd47c0:f047fd67fd7f0000
rsp=0x7ffd67fd47d0,rip=0x5630fa859180,mr=0x7ffd67fd47c8:809185fa30560000
rax=0x2,rip=0x5630fa859182
rsp=0x7ffd67fd47e8,rip=0x5630fa859186
rsp=0x7ffd67fd47f0,rbx=0x0,rip=0x5630fa859187,mr=0x7ffd67fd47e8:0000000000000000
rbp=0x7ffd67fd4820,rsp=0x7ffd67fd47f8,rip=0x5630fa859188,mr=0x7ffd67fd47f0:2048fd67fd7f0000
rsp=0x7ffd67fd4800,rip=0x5630fa859171,mr=0x7ffd67fd47f8:719185fa30560000
rbx=0x2,rip=0x5630fa859173
rax=0x3,rip=0x5630fa859176,mr=0x7ffd67fd480c:03000000
rax=0x1,rip=0x5630fa859179
rdi=0x1,rip=0x5630fa85917b
rsp=0x7ffd67fd47f8,rip=0x5630fa859145,mw=0x7ffd67fd47f8:809185fa30560000
rsp=0x7ffd67fd47f0,rip=0x5630fa859146,mw=0x7ffd67fd47f0:2048fd67fd7f0000
rbp=0x7ffd67fd47f0,rip=0x5630fa859149
rsp=0x7ffd67fd47e8,rip=0x5630fa85914a,mw=0x7ffd67fd47e8:0200000000000000
rsp=0x7ffd67fd47d0,rip=0x5630fa85914e
rip=0x5630fa859151,mw=0x7ffd67fd47dc:01000000
rip=0x5630fa859155,mr=0x7ffd67fd47dc:01000000
rip=0x5630fa859157
rip=0x5630fa85915b,mr=0x7ffd67fd47dc:01000000
rip=0x5630fa85915d
rip=0x5630fa859162
rip=0x5630fa859182
rsp=0x7ffd67fd47e8,rip=0x5630fa859186
rsp=0x7ffd67fd47f0,rip=0x5630fa859187,mr=0x7ffd67fd47e8:0200000000000000
rbp=0x7ffd67fd4820,rsp=0x7ffd67fd47f8,rip=0x5630fa859188,mr=0x7ffd67fd47f0:2048fd67fd7f0000
rsp=0x7ffd67fd4800,rip=0x5630fa859180,mr=0x7ffd67fd47f8:809185fa30560000
rax=0x3,rip=0x5630fa859182
rsp=0x7ffd67fd4818,rip=0x5630fa859186
rsp=0x7ffd67fd4820,rbx=0x0,rip=0x5630fa859187,mr=0x7ffd67fd4818:0000000000000000
rbp=0x7ffd67fd4850,rsp=0x7ffd67fd4828,rip=0x5630fa859188,mr=0x7ffd67fd4820:5048fd67fd7f0000
rsp=0x7ffd67fd4830,rip=0x5630fa859171,mr=0x7ffd67fd4828:719185fa30560000
rbx=0x3,rip=0x5630fa859173
rax=0x4,rip=0x5630fa859176,mr=0x7ffd67fd483c:04000000
rax=0x2,rip=0x5630fa859179
rdi=0x2,rip=0x5630fa85917b
rsp=0x7ffd67fd4828,rip=0x5630fa859145,mw=0x7ffd67fd4828:809185fa30560000
rsp=0x7ffd67fd4820,rip=0x5630fa859146,mw=0x7ffd67fd4820:5048fd67fd7f0000
rbp=0x7ffd67fd4820,rip=0x5630fa859149
rsp=0x7ffd67fd4818,rip=0x5630fa85914a,mw=0x7ffd67fd4818:0300000000000000
rsp=0x7ffd67fd4800,rip=0x5630fa85914e
rip=0x5630fa859151,mw=0x7ffd67fd480c:02000000
rip=0x5630fa859155,mr=0x7ffd67fd480c:02000000
rip=0x5630fa859157
rip=0x5630fa85915b,mr=0x7ffd67fd480c:02000000
rip=0x5630fa859164
rip=0x5630fa859167,mr=0x7ffd67fd480c:02000000
rax=0x1,rip=0x5630fa85916a
rdi=0x1,rip=0x5630fa85916c
rsp=0x7ffd67fd47f8,rip=0x5630fa859145,mw=0x7ffd67fd47f8:719185fa30560000
rsp=0x7ffd67fd47f0,rip=0x5630fa859146,mw=0x7ffd67fd47f0:2048fd67fd7f0000
rbp=0x7ffd67fd47f0,rip=0x5630fa859149
rsp=0x7ffd67fd47e8,rip=0x5630fa85914a,mw=0x7ffd67fd47e8:0300000000000000
rsp=0x7ffd67fd47d0,rip=0x5630fa85914e
rip=0x5630fa859151,mw=0x7ffd67fd47dc:01000000
rip=0x5630fa859155,mr=0x7ffd67fd47dc:01000000
rip=0x5630fa859157
rip=0x5630fa85915b,mr=0x7ffd67fd47dc:01000000
rip=0x5630fa85915d
rip=0x5630fa859162
rip=0x5630fa859182
rsp=0x7ffd67fd47e8,rip=0x5630fa859186
rsp=0x7ffd67fd47f0,rip=0x5630fa859187,mr=0x7ffd67fd47e8:0300000000000000
rbp=0x7ffd67fd4820,rsp=0x7ffd67fd47f8,rip=0x5630fa859188,mr=0x7ffd67fd47f0:2048fd67fd7f0000
rsp=0x7ffd67fd4800,rip=0x5630fa859171,mr=0x7ffd67fd47f8:719185fa30560000
rbx=0x1,rip=0x5630fa859173
rax=0x2,rip=0x5630fa859176,mr=0x7ffd67fd480c:02000000
rax=0x0,rip=0x5630fa859179
rdi=0x0,rip=0x5630fa85917b
rsp=0x7ffd67fd47f8,rip=0x5630fa859145,mw=0x7ffd67fd47f8:809185fa30560000
rsp=0x7ffd67fd47f0,rip=0x5630fa859146,mw=0x7ffd67fd47f0:2048fd67fd7f0000
rbp=0x7ffd67fd47f0,rip=0x5630fa859149
rsp=0x7ffd67fd47e8,rip=0x5630fa85914a,mw=0x7ffd67fd47e8:0100000000000000
rsp=0x7ffd67fd47d0,rip=0x5630fa85914e
rip=0x5630fa859151,mw=0x7ffd67fd47dc:00000000
rip=0x5630fa859155,mr=0x7ffd67fd47dc:00000000
rip=0x5630fa85915d
rax=0x1,rip=0x5630fa859162
rip=0x5630fa859182
rsp=0x7ffd67fd47e8,rip=0x5630fa859186
rsp=0x7ffd67fd47f0,rip=0x5630fa859187,mr=0x7ffd67fd47e8:0100000000000000
rbp=0x7ffd67fd4820,rsp=0x7ffd67fd47f8,rip=0x5630fa859188,mr=0x7ffd67fd47f0:2048fd67fd7f0000
rsp=0x7ffd67fd4800,rip=0x5630fa859180,mr=0x7ffd67fd47f8:809185fa30560000
rax=0x2,rip=0x5630fa859182
rsp=0x7ffd67fd4818,rip=0x5630fa859186
rsp=0x7ffd67fd4820,rbx=0x3,rip=0x5630fa859187,mr=0x7ffd67fd4818:0300000000000000
rbp=0x7ffd67fd4850,rsp=0x7ffd67fd4828,rip=0x5630fa859188,mr=0x7ffd67fd4820:5048fd67fd7f0000
rsp=0x7ffd67fd4830,rip=0x5630fa859180,mr=0x7ffd67fd4828:809185fa30560000
rax=0x5,rip=0x5630fa859182
rsp=0x7ffd67fd4848,rip=0x5630fa859186
rsp=0x7ffd67fd4850,rbx=0x0,rip=0x5630fa859187,mr=0x7ffd67fd4848:0000000000000000
rbp=0x7ffd67fd4880,rsp=0x7ffd67fd4858,rip=0x5630fa859188,mr=0x7ffd67fd4850:8048fd67fd7f0000
rsp=0x7ffd67fd4860,rip=0x5630fa859171,mr=0x7ffd67fd4858:719185fa30560000
rbx=0x5,rip=0x5630fa859173
rip=0x5630fa859176,mr=0x7ffd67fd486c:05000000
rax=0x3,rip=0x5630fa859179
rdi=0x3,rip=0x5630fa85917b
rsp=0x7ffd67fd4858,rip=0x5630fa859145,mw=0x7ffd67fd4858:809185fa30560000
rsp=0x7ffd67fd4850,rip=0x5630fa859146,mw=0x7ffd67fd4850:8048fd67fd7f0000
rbp=0x7ffd67fd4850,rip=0x5630fa859149
rsp=0x7ffd67fd4848,rip=0x5630fa85914a,mw=0x7ffd67fd4848:0500000000000000
rsp=0x7ffd67fd4830,rip=0x5630fa85914e
rip=0x5630fa859151,mw=0x7ffd67fd483c:03000000
rip=0x5630fa859155,mr=0x7ffd67fd483c:03000000
rip=0x5630fa859157
rip=0x5630fa85915b,mr=0x7ffd67fd483c:03000000
rip=0x5630fa859164
rip=0x5630fa859167,mr=0x7ffd67fd483c:03000000
rax=0x2,rip=0x5630fa85916a
rdi=0x2,rip=0x5630fa85916c
rsp=0x7ffd67fd4828,rip=0x5630fa859145,mw=0x7ffd67fd4828:719185fa30560000
rsp=0x7ffd67fd4820,rip=0x5630fa859146,mw=0x7ffd67fd4820:5048fd67fd7f0000
rbp=0x7ffd67fd4820,rip=0x5630fa859149
rsp=0x7ffd67fd4818,rip=0x5630fa85914a,mw=0x7ffd67fd4818:0500000000000000
rsp=0x7ffd67fd4800,rip=0x5630fa85914e
rip=0x5630fa859151,mw=0x7ffd67fd480c:02000000
rip=0x5630fa859155,mr=0x7ffd67fd480c:02000000
rip=0x5630fa859157
rip=0x5630fa85915b,mr=0x7ffd67fd480c:02000000
rip=0x5630fa859164
rip=0x5630fa859167,mr=0x7ffd67fd480c:02000000
rax=0x1,rip=0x5630fa85916a
rdi=0x1,rip=0x5630fa85916c
rsp=0x7ffd67fd47f8,rip=0x5630fa859145,mw=0x7ffd67fd47f8:719185fa30560000
rsp=0x7ffd67fd47f0,rip=0x5630fa859146,mw=0x7ffd67fd47f0:2048fd67fd7f0000
rbp=0x7ffd67fd47f0,rip=0x5630fa859149
rsp=0x7ffd67fd47e8,rip=0x5630fa85914a,mw=0x7ffd67fd47e8:0500000000000000
rsp=0x7ffd67fd47d0,rip=0x5630fa85914e
rip=0x5630fa859151,mw=0x7ffd67fd47dc:01000000
rip=0x5630fa859155,mr=0x7ffd67fd47dc:01000000
rip=0x5630fa859157
rip=0x5630fa85915b,mr=0x7ffd67fd47dc:01000000
rip=0x5630fa85915d
rip=0x5630fa859162
rip=0x5630fa859182
rsp=0x7ffd67fd47e8,rip=0x5630fa859186
rsp=0x7ffd67fd47f0,rip=0x5630fa859187,mr=0x7ffd67fd47e8:0500000000000000
rbp=0x7ffd67fd4820,rsp=0x7ffd67fd47f8,rip=0x5630fa859188,mr=0x7ffd67fd47f0:2048fd67fd7f0000
rsp=0x7ffd67fd4800,rip=0x5630fa859171,mr=0x7ffd67fd47f8:719185fa30560000
rbx=0x1,rip=0x5630fa859173
rax=0x2,rip=0x5630fa859176,mr=0x7ffd67fd480c:02000000
rax=0x0,rip=0x5630fa859179
rdi=0x0,rip=0x5630fa85917b
rsp=0x7ffd67fd47f8,rip=0x5630fa859145,mw=0x7ffd67fd47f8:809185fa30560000
rsp=0x7ffd67fd47f0,rip=0x5630fa859146,mw=0x7ffd67fd47f0:2048fd67fd7f0000
rbp=0x7ffd67fd47f0,rip=0x5630fa859149
rsp=0x7ffd67fd47e8,rip=0x5630fa85914a,mw=0x7ffd67fd47e8:0100000000000000
rsp=0x7ffd67fd47d0,rip=0x5630fa85914e
rip=0x5630fa859151,mw=0x7ffd67fd47dc:00000000
rip=0x5630fa859155,mr=0x7ffd67fd47dc:00000000
rip=0x5630fa85915d
rax=0x1,rip=0x5630fa859162
rip=0x5630fa859182
rsp=0x7ffd67fd47e8,rip=0x5630fa859186
rsp=0x7ffd67fd47f0,rip=0x5630fa859187,mr=0x7ffd67fd47e8:0100000000000000
rbp=0x7ffd67fd4820,rsp=0x7ffd67fd47f8,rip=0x5630fa859188,mr=0x7ffd67fd47f0:2048fd67fd7f0000
rsp=0x7ffd67fd4800,rip=0x5630fa859180,mr=0x7ffd67fd47f8:809185fa30560000
rax=0x2,rip=0x5630fa859182
rsp=0x7ffd67fd4818,rip=0x5630fa859186
rsp=0x7ffd67fd4820,rbx=0x5,rip=0x5630fa859187,mr=0x7ffd67fd4818:0500000000000000
rbp=0x7ffd67fd4850,rsp=0x7ffd67fd4828,rip=0x5630fa859188,mr=0x7ffd67fd4820:5048fd67fd7f0000
rsp=0x7ffd67fd4830,rip=0x5630fa859171,mr=0x7ffd67fd4828:719185fa30560000
rbx=0x2,rip=0x5630fa859173
rax=0x3,rip=0x5630fa859176,mr=0x7ffd67fd483c:03000000
rax=0x1,rip=0x5630fa859179
rdi=0x1,rip=0x5630fa85917b
rsp=0x7ffd67fd4828,rip=0x5630fa859145,mw=0x7ffd67fd4828:809185fa30560000
rsp=0x7ffd67fd4820,rip=0x5630fa859146,mw=0x7ffd67fd4820:5048fd67fd7f0000
rbp=0x7ffd67fd4820,rip=0x5630fa859149
rsp=0x7ffd67fd4818,rip=0x5630fa85914a,mw=0x7ffd67fd4818:0200000000000000
rsp=0x7ffd67fd4800,rip=0x5630fa85914e
rip=0x5630fa859151,mw=0x7ffd67fd480c:01000000
rip=0x5630fa859155,mr=0x7ffd67fd480c:01000000
rip=0x5630fa859157
rip=0x5630fa85915b,mr=0x7ffd67fd480c:01000000
rip=0x5630fa85915d
rip=0x5630fa859162
rip=0x5630fa859182
rsp=0x7ffd67fd4818,rip=0x5630fa859186
rsp=0x7ffd67fd4820,rip=0x5630fa859187,mr=0x7ffd67fd4818:0200000000000000
rbp=0x7ffd67fd4850,rsp=0x7ffd67fd4828,rip=0x5630fa859188,mr=0x7ffd67fd4820:5048fd67fd7f0000
rsp=0x7ffd67fd4830,rip=0x5630fa859180,mr=0x7ffd67fd4828:809185fa30560000
rax=0x3,rip=0x5630fa859182
rsp=0x7ffd67fd4848,rip=0x5630fa859186
rsp=0x7ffd67fd4850,rbx=0x5,rip=0x5630fa859187,mr=0x7ffd67fd4848:0500000000000000
rbp=0x7ffd67fd4880,rsp=0x7ffd67fd4858,rip=0x5630fa859188,mr=0x7ffd67fd4850:8048fd67fd7f0000
rsp=0x7ffd67fd4860,rip=0x5630fa859180,mr=0x7ffd67fd4858:809185fa30560000
rax=0x8,rip=0x5630fa859182
rsp=0x7ffd67fd4878,rip=0x5630fa859186
rsp=0x7ffd67fd4880,rbx=0x0,rip=0x5630fa859187,mr=0x7ffd67fd4878:0000000000000000
rbp=0x7ffd67fd48b0,rsp=0x7ffd67fd4888,rip=0x5630fa859188,mr=0x7ffd67fd4880:b048fd67fd7f0000
rsp=0x7ffd67fd4890,rip=0x5630fa8591b8,mr=0x7ffd67fd4888:b89185fa30560000
rip=0x5630fa8591bb,mw=0x7ffd67fd48a8:08000000
rdx=0x8,rip=0x5630fa8591be,mr=0x7ffd67fd48a8:08000000
rax=0x5,rip=0x5630fa8591c1,mr=0x7ffd67fd48ac:05000000
rsi=0x5,rip=0x5630fa8591c3
rdi=0x5630fa85a004,rip=0x5630fa8591ca
rax=0x0,rip=0x5630fa8591cf
rsp=0x7ffd67fd4888,rip=0x5630fa859030,mw=0x7ffd67fd4888:d49185fa30560000
rip=0x5630fa859036,mr=0x5630fa85c018:369085fa30560000
rsp=0x7ffd67fd4880,rip=0x5630fa85903b,mw=0x7ffd67fd4880:0000000000000000
rip=0x5630fa859020
rsp=0x7ffd67fd4878,rip=0x5630fa859026,mr=0x5630fa85c008:90018c0edb7f0000,mw=0x7ffd67fd4878:90018c0edb7f0000
rdi=0x0,rsi=0x5630fb87b260,rsp=0x7ffd67fd4890,rdx=0x7fdaf9e0c8c0,rcx=0x0,rax=0xb,r8=0x0,r9=0x7fdaf9d8a5f0,r10=0x0,r11=0x7fdaf9dd94a0,rip=0x5630fa8591d4,mr=0x7ffd67fd4888:d49185fa30560000,mw=0x7fdaf9e0c8c0:00000000
rax=0x0,rip=0x5630fa8591d9
rbp=0x5630fa8591e0,rsp=0x7ffd67fd48b8,rip=0x5630fa8591da,mr=0x7ffd67fd48b0:e09185fa30560000
rdi=0x7fdb0e8bf968,rsi=0x5630fa85bdf0,rbp=0x7ffd67fd4850,rsp=0x7ffd67fd47d8,rbx=0x7fdb0e8bf060,rdx=0x1,r8=0x2,r10=0x7ffd67fd4724,r11=0x2,r12=0x0,r13=0x7ffd67fd47e0,r14=0x5630fa85bdf0,r15=0x7fdb0e8c0190,rip=0x5630fa859100,mr=0x5630fa85bdf0:009185fa30560000,mw=0x7ffd67fd47d8:f6668a0edb7f0000
rip=0x5630fa859107,mr=0x5630fa85c038:00
rip=0x5630fa859109
rsp=0x7ffd67fd47d0,rip=0x5630fa85910a,mw=0x7ffd67fd47d0:5048fd67fd7f0000
rip=0x5630fa859112,mr=0x5630fa85bff8:c091c8f9da7f0000
rbp=0x7ffd67fd47d0,rip=0x5630fa859115
rip=0x5630fa859117
rdi=0x5630fa85c030,rip=0x5630fa85911e,mr=0x5630fa85c030:30c085fa30560000
rsp=0x7ffd67fd47c8,rip=0x5630fa859050,mw=0x7ffd67fd47c8:239185fa30560000
rsi=0x0,rsp=0x7ffd67fd47d0,rdx=0x7fdaf9e0c1b0,r8=0x5630fa85c030,rip=0x5630fa859123,mr=0x7ffd67fd47c8:239185fa30560000,mw=0x7fdaf9e0f428:00000000
rsp=0x7ffd67fd47c8,rip=0x5630fa859090,mw=0x7ffd67fd47c8:289185fa30560000
rdi=0x5630fa85c038,rip=0x5630fa859097
rax=0x5630fa85c038,rip=0x5630fa85909e
rip=0x5630fa8590a1
rip=0x5630fa8590b8
rsp=0x7ffd67fd47d0,rip=0x5630fa859128,mr=0x7ffd67fd47c8:289185fa30560000
rip=0x5630fa85912f,mw=0x5630fa85c038:01
rbp=0x7ffd67fd4850,rsp=0x7ffd67fd47d8,rip=0x5630fa859130,mr=0x7ffd67fd47d0:5048fd67fd7f0000
rdx=0x5630fa85bde8,rax=0x5630fa859244,rip=0x5630fa859244,mr=0x7fdb0e8c0190:008085fa30560000,mw=0x7ffd67fd47d8:15678a0edb7f0000
rsp=0x7ffd67fd47d0,rip=0x5630fa859248
rsp=0x7ffd67fd47d8,rip=0x5630fa85924c
