rdi=0x7fb25403a190,rsi=0x1,rsp=0x7fff56db5f80,rdx=0x7fb254020530,rcx=0x7fff56db5f98,rax=0x1c,r8=0x7fb25403a728,r12=0x563c95151030,r13=0x7fff56db5f80,rip=0x563c95151030,mr=0x7fff56db5f78:ca200154b27f0000,mw=0x7fb25403a4ac:1c
rsp=0x7fff56db5f78,rip=0x563c95151031,mw=0x7fff56db5f78:0000000000000000
rbp=0x7fff56db5f78,rip=0x563c95151034
rsp=0x7fff56db5f68,rip=0x563c95151038
rip=0x563c9515103f,mw=0x7fff56db5f74:03000000
rip=0x563c95151046,mw=0x7fff56db5f70:08000000
rdx=0x3,rip=0x563c95151049,mr=0x7fff56db5f74:03000000
rax=0x8,rip=0x563c9515104c,mr=0x7fff56db5f70:08000000
rax=0xb,rip=0x563c9515104e
rip=0x563c95151051,mw=0x7fff56db5f6c:0b000000
rcx=0xb,rip=0x563c95151054,mr=0x7fff56db5f6c:0b000000
rdx=0x8,rip=0x563c95151057,mr=0x7fff56db5f70:08000000
rax=0x3,rip=0x563c9515105a,mr=0x7fff56db5f74:03000000
rsi=0x3,rip=0x563c9515105c
rdi=0x563c95152000,rip=0x563c95151063
rax=0x0,rip=0x563c95151068
rsp=0x7fff56db5f60,rip=0x563c95151010,mw=0x7fff56db5f60:6d1015953c560000
rip=0x563c95151016,mr=0x563c95154018:161015953c560000
rsp=0x7fff56db5f58,rip=0x563c9515101b,mw=0x7fff56db5f58:0000000000000000
rip=0x563c95151000
rsp=0x7fff56db5f50,rip=0x563c95151006,mr=0x563c95154008:90a10354b27f0000,mw=0x7fff56db5f50:90a10354b27f0000
rdi=0x0,rsi=0x563c952f4260,rsp=0x7fff56db5f68,rdx=0x7fb23f5b18c0,rcx=0x0,rax=0x2b,r8=0x0,r9=0x7fb23f52f7d0,r11=0x7fb23f57e4a0,rip=0x563c9515106d,mr=0x7fff56db5f60:6d1015953c560000,mw=0x7fb23f5b18c0:00000000
rip=0x563c95151072
rsp=0x7fff56db5f60,rip=0x563c95151020,mw=0x7fff56db5f60:771015953c560000
rip=0x563c95151026,mr=0x563c95154020:261015953c560000
rsp=0x7fff56db5f58,rip=0x563c9515102b,mw=0x7fff56db5f58:0100000000000000
rip=0x563c95151000
rsp=0x7fff56db5f50,rip=0x563c95151006,mr=0x563c95154008:90a10354b27f0000,mw=0x7fff56db5f50:90a10354b27f0000
